<?xml version="1.0" encoding="UTF-8"?>
<!-- Generated by org.testng.reporters.JUnitReportReporter -->
<testsuite skipped="0" hostname="LAPTOP-2QBB6G2F" name="Com.TestNG.parallelexecution1" tests="3" failures="0" timestamp="08 Jun 2020 04:44:35 GMT" time="0.027" errors="0">
  <testcase name="testcase6" time="0.001" classname="Com.TestNG.parallelexecution1"/>
  <testcase name="testcase5" time="0.014" classname="Com.TestNG.parallelexecution1"/>
  <testcase name="testcase4" time="0.012" classname="Com.TestNG.parallelexecution1"/>
</testsuite> <!-- Com.TestNG.parallelexecution1 -->
