<?xml version="1.0" encoding="UTF-8"?>
<!-- Generated by org.testng.reporters.JUnitReportReporter -->
<testsuite skipped="0" hostname="LAPTOP-2QBB6G2F" name="Com.TestNG.parallelexecution" tests="3" failures="0" timestamp="08 Jun 2020 04:44:35 GMT" time="0.025" errors="0">
  <testcase name="testcase3" time="0.014" classname="Com.TestNG.parallelexecution"/>
  <testcase name="testcase1" time="0.009" classname="Com.TestNG.parallelexecution"/>
  <testcase name="testcase2" time="0.002" classname="Com.TestNG.parallelexecution"/>
</testsuite> <!-- Com.TestNG.parallelexecution -->
