<?xml version="1.0" encoding="UTF-8"?>
<!-- Generated by org.testng.reporters.JUnitReportReporter -->
<testsuite skipped="0" hostname="LAPTOP-2QBB6G2F" name="Com.TestNG.prioritytestcase" tests="3" failures="0" timestamp="08 Jun 2020 04:44:35 GMT" time="0.005" errors="0">
  <testcase name="testcase2" time="0.004" classname="Com.TestNG.prioritytestcase"/>
  <testcase name="testcase3" time="0.000" classname="Com.TestNG.prioritytestcase"/>
  <testcase name="testcase1" time="0.001" classname="Com.TestNG.prioritytestcase"/>
</testsuite> <!-- Com.TestNG.prioritytestcase -->
